Info: Starting: Create simulation model
Info: qsys-generate C:\Users\JF\Drive\ETS\E2017\ELE748\Projet\code\projet\sine.qsys --simulation=VHDL --output-directory=C:\Users\JF\Drive\ETS\E2017\ELE748\Projet\code\projet\sine\simulation --family="Cyclone V" --part=5CSEMA5F31C6
Progress: Loading projet/sine.qsys
Progress: Reading input file
Progress: Adding nco_ii_0 [altera_nco_ii 15.1]
Progress: Parameterizing module nco_ii_0
Progress: Building connections
Progress: Parameterizing connections
Progress: Validating
Progress: Done reading input file
Info: sine: Generating sine "sine" for SIM_VHDL
Warning: Parallel compilation is not licensed and has been disabled
Info: nco_ii_0: "sine" instantiated altera_nco_ii "nco_ii_0"
Info: sine: Done "sine" with 2 modules, 4 files
Info: qsys-generate succeeded.
Info: Finished: Create simulation model
Info: Starting: Create Modelsim Project.
Info: sim-script-gen --spd=C:\Users\JF\Drive\ETS\E2017\ELE748\Projet\code\projet\sine\sine.spd --output-directory=C:/Users/JF/Drive/ETS/E2017/ELE748/Projet/code/projet/sine/simulation/ --use-relative-paths=true
Info: Doing: ip-make-simscript --spd=C:\Users\JF\Drive\ETS\E2017\ELE748\Projet\code\projet\sine\sine.spd --output-directory=C:/Users/JF/Drive/ETS/E2017/ELE748/Projet/code/projet/sine/simulation/ --use-relative-paths=true
Info: Generating the following file(s) for MODELSIM simulator in C:/Users/JF/Drive/ETS/E2017/ELE748/Projet/code/projet/sine/simulation/ directory:
Info: 	mentor/msim_setup.tcl
Info: Skipping VCS script generation since VHDL file $QUARTUS_INSTALL_DIR/eda/sim_lib/altera_syn_attributes.vhd is required for simulation
Info: Generating the following file(s) for VCSMX simulator in C:/Users/JF/Drive/ETS/E2017/ELE748/Projet/code/projet/sine/simulation/ directory:
Info: 	synopsys/vcsmx/synopsys_sim.setup
Info: 	synopsys/vcsmx/vcsmx_setup.sh
Info: Generating the following file(s) for NCSIM simulator in C:/Users/JF/Drive/ETS/E2017/ELE748/Projet/code/projet/sine/simulation/ directory:
Info: 	cadence/cds.lib
Info: 	cadence/hdl.var
Info: 	cadence/ncsim_setup.sh
Info: 	1 .cds.lib files in cadence/cds_libs/ directory
Info: Generating the following file(s) for RIVIERA simulator in C:/Users/JF/Drive/ETS/E2017/ELE748/Projet/code/projet/sine/simulation/ directory:
Info: 	aldec/rivierapro_setup.tcl
Info: For information on how to simulate your IP, see the explanatory comments in the simulator-specific subdirectories under C:/Users/JF/Drive/ETS/E2017/ELE748/Projet/code/projet/sine/simulation/.
Info: Finished: Create Modelsim Project.
Info: 
Info: Starting: Create HDL design files for synthesis
Info: qsys-generate C:\Users\JF\Drive\ETS\E2017\ELE748\Projet\code\projet\sine.qsys --synthesis=VHDL --output-directory=C:\Users\JF\Drive\ETS\E2017\ELE748\Projet\code\projet\sine\synthesis --family="Cyclone V" --part=5CSEMA5F31C6
Progress: Loading projet/sine.qsys
Progress: Reading input file
Progress: Adding nco_ii_0 [altera_nco_ii 15.1]
Progress: Parameterizing module nco_ii_0
Progress: Building connections
Progress: Parameterizing connections
Progress: Validating
Progress: Done reading input file
Info: sine: Generating sine "sine" for QUARTUS_SYNTH
Info: nco_ii_0: "sine" instantiated altera_nco_ii "nco_ii_0"
Info: sine: Done "sine" with 2 modules, 16 files
Info: qsys-generate succeeded.
Info: Finished: Create HDL design files for synthesis
