EDA Netlist Writer report for CodecAudio
Thu Jul 20 23:46:19 2017
Quartus Prime Version 15.1.0 Build 185 10/21/2015 SJ Lite Edition


---------------------
; Table of Contents ;
---------------------
  1. Legal Notice
  2. EDA Netlist Writer Summary
  3. EDA Netlist Writer Messages



----------------
; Legal Notice ;
----------------
Copyright (C) 1991-2015 Altera Corporation. All rights reserved.
Your use of Altera Corporation's design tools, logic functions 
and other software and tools, and its AMPP partner logic 
functions, and any output files from any of the foregoing 
(including device programming or simulation files), and any 
associated documentation or information are expressly subject 
to the terms and conditions of the Altera Program License 
Subscription Agreement, the Altera Quartus Prime License Agreement,
the Altera MegaCore Function License Agreement, or other 
applicable license agreement, including, without limitation, 
that your use is for the sole purpose of programming logic 
devices manufactured by Altera and sold by Altera or its 
authorized distributors.  Please refer to the applicable 
agreement for further details.



+---------------------------------------------------------------+
; EDA Netlist Writer Summary                                    ;
+---------------------------+-----------------------------------+
; EDA Netlist Writer Status ; Failed - Thu Jul 20 23:46:19 2017 ;
; Revision Name             ; CodecAudio                        ;
; Top-level Entity Name     ; top_level                         ;
; Family                    ; Cyclone V                         ;
+---------------------------+-----------------------------------+


+-----------------------------+
; EDA Netlist Writer Messages ;
+-----------------------------+
Info: *******************************************************************
Info: Running Quartus Prime EDA Netlist Writer
    Info: Version 15.1.0 Build 185 10/21/2015 SJ Lite Edition
    Info: Processing started: Thu Jul 20 23:46:17 2017
Info: Command: quartus_eda --read_settings_files=off --write_settings_files=off CodecAudio -c CodecAudio
Error (204012): Can't generate netlist output files because the file "c:/users/jf/drive/ets/e2017/ele748/projet/code/projet/db/ip/sine/submodules/asj_nco_fxx.v" is an OpenCore Plus time-limited file. Remove the unlicensed cores or obtain a license for those OpenCore Plus time-limited IP cores used in the design. The Altera Knowledge Database contains many articles with specific details on how to resolve this error. Visit the Knowledge Database at https://www.altera.com/support/support-resources/knowledge-base/search.html and search for this specific error message number.
Error (204012): Can't generate netlist output files because the file "c:/users/jf/drive/ets/e2017/ele748/projet/code/projet/db/ip/sine/submodules/asj_dxx.v" is an OpenCore Plus time-limited file. Remove the unlicensed cores or obtain a license for those OpenCore Plus time-limited IP cores used in the design. The Altera Knowledge Database contains many articles with specific details on how to resolve this error. Visit the Knowledge Database at https://www.altera.com/support/support-resources/knowledge-base/search.html and search for this specific error message number.
Error (204012): Can't generate netlist output files because the file "c:/users/jf/drive/ets/e2017/ele748/projet/code/projet/db/ip/sine/submodules/asj_nco_pxx.v" is an OpenCore Plus time-limited file. Remove the unlicensed cores or obtain a license for those OpenCore Plus time-limited IP cores used in the design. The Altera Knowledge Database contains many articles with specific details on how to resolve this error. Visit the Knowledge Database at https://www.altera.com/support/support-resources/knowledge-base/search.html and search for this specific error message number.
Error (204012): Can't generate netlist output files because the file "c:/users/jf/drive/ets/e2017/ele748/projet/code/projet/db/ip/sine/submodules/asj_nco_apr_dxx.v" is an OpenCore Plus time-limited file. Remove the unlicensed cores or obtain a license for those OpenCore Plus time-limited IP cores used in the design. The Altera Knowledge Database contains many articles with specific details on how to resolve this error. Visit the Knowledge Database at https://www.altera.com/support/support-resources/knowledge-base/search.html and search for this specific error message number.
Error (204012): Can't generate netlist output files because the file "c:/users/jf/drive/ets/e2017/ele748/projet/code/projet/db/ip/sine/submodules/mac_i_lpmd.v" is an OpenCore Plus time-limited file. Remove the unlicensed cores or obtain a license for those OpenCore Plus time-limited IP cores used in the design. The Altera Knowledge Database contains many articles with specific details on how to resolve this error. Visit the Knowledge Database at https://www.altera.com/support/support-resources/knowledge-base/search.html and search for this specific error message number.
Error (204012): Can't generate netlist output files because the file "c:/users/jf/drive/ets/e2017/ele748/projet/code/projet/db/ip/sine/submodules/asj_nco_derot.v" is an OpenCore Plus time-limited file. Remove the unlicensed cores or obtain a license for those OpenCore Plus time-limited IP cores used in the design. The Altera Knowledge Database contains many articles with specific details on how to resolve this error. Visit the Knowledge Database at https://www.altera.com/support/support-resources/knowledge-base/search.html and search for this specific error message number.
Error (204012): Can't generate netlist output files because the file "c:/users/jf/drive/ets/e2017/ele748/projet/code/projet/db/ip/sine/submodules/asj_altqmcpipe.v" is an OpenCore Plus time-limited file. Remove the unlicensed cores or obtain a license for those OpenCore Plus time-limited IP cores used in the design. The Altera Knowledge Database contains many articles with specific details on how to resolve this error. Visit the Knowledge Database at https://www.altera.com/support/support-resources/knowledge-base/search.html and search for this specific error message number.
Error (204012): Can't generate netlist output files because the file "c:/users/jf/drive/ets/e2017/ele748/projet/code/projet/db/ip/sine/submodules/asj_nco_mob_w.v" is an OpenCore Plus time-limited file. Remove the unlicensed cores or obtain a license for those OpenCore Plus time-limited IP cores used in the design. The Altera Knowledge Database contains many articles with specific details on how to resolve this error. Visit the Knowledge Database at https://www.altera.com/support/support-resources/knowledge-base/search.html and search for this specific error message number.
Error (204012): Can't generate netlist output files because the file "c:/users/jf/drive/ets/e2017/ele748/projet/code/projet/db/ip/sine/submodules/asj_gam_dp.v" is an OpenCore Plus time-limited file. Remove the unlicensed cores or obtain a license for those OpenCore Plus time-limited IP cores used in the design. The Altera Knowledge Database contains many articles with specific details on how to resolve this error. Visit the Knowledge Database at https://www.altera.com/support/support-resources/knowledge-base/search.html and search for this specific error message number.
Error (204012): Can't generate netlist output files because the file "c:/users/jf/drive/ets/e2017/ele748/projet/code/projet/db/ip/sine/submodules/lmsd.v" is an OpenCore Plus time-limited file. Remove the unlicensed cores or obtain a license for those OpenCore Plus time-limited IP cores used in the design. The Altera Knowledge Database contains many articles with specific details on how to resolve this error. Visit the Knowledge Database at https://www.altera.com/support/support-resources/knowledge-base/search.html and search for this specific error message number.
Error (204012): Can't generate netlist output files because the file "c:/users/jf/drive/ets/e2017/ele748/projet/code/projet/db/ip/sine/submodules/asj_nco_as_m_dp_cen.v" is an OpenCore Plus time-limited file. Remove the unlicensed cores or obtain a license for those OpenCore Plus time-limited IP cores used in the design. The Altera Knowledge Database contains many articles with specific details on how to resolve this error. Visit the Knowledge Database at https://www.altera.com/support/support-resources/knowledge-base/search.html and search for this specific error message number.
Error (204012): Can't generate netlist output files because the file "c:/users/jf/drive/ets/e2017/ele748/projet/code/projet/db/ip/sine/submodules/asj_nco_isdr.v" is an OpenCore Plus time-limited file. Remove the unlicensed cores or obtain a license for those OpenCore Plus time-limited IP cores used in the design. The Altera Knowledge Database contains many articles with specific details on how to resolve this error. Visit the Knowledge Database at https://www.altera.com/support/support-resources/knowledge-base/search.html and search for this specific error message number.
Error (204012): Can't generate netlist output files because the file "c:/users/jf/drive/ets/e2017/ele748/projet/code/projet/db/ip/sine/submodules/asj_dxx_g.v" is an OpenCore Plus time-limited file. Remove the unlicensed cores or obtain a license for those OpenCore Plus time-limited IP cores used in the design. The Altera Knowledge Database contains many articles with specific details on how to resolve this error. Visit the Knowledge Database at https://www.altera.com/support/support-resources/knowledge-base/search.html and search for this specific error message number.
Error (204012): Can't generate netlist output files because the file "c:/users/jf/drive/ets/e2017/ele748/projet/code/projet/db/ip/sine/submodules/las.v" is an OpenCore Plus time-limited file. Remove the unlicensed cores or obtain a license for those OpenCore Plus time-limited IP cores used in the design. The Altera Knowledge Database contains many articles with specific details on how to resolve this error. Visit the Knowledge Database at https://www.altera.com/support/support-resources/knowledge-base/search.html and search for this specific error message number.
Error (204012): Can't generate netlist output files because the file "c:/users/jf/drive/ets/e2017/ele748/projet/code/projet/db/ip/sine/submodules/asj_nco_as_m_cen.v" is an OpenCore Plus time-limited file. Remove the unlicensed cores or obtain a license for those OpenCore Plus time-limited IP cores used in the design. The Altera Knowledge Database contains many articles with specific details on how to resolve this error. Visit the Knowledge Database at https://www.altera.com/support/support-resources/knowledge-base/search.html and search for this specific error message number.
Error (204009): Can't generate netlist output files because the license for encrypted file "c:/users/jf/drive/ets/e2017/ele748/projet/code/projet/db/ip/sine/submodules/asj_nco_fxx.v" is not available
Error (204009): Can't generate netlist output files because the license for encrypted file "c:/users/jf/drive/ets/e2017/ele748/projet/code/projet/db/ip/sine/submodules/asj_dxx.v" is not available
Error (204009): Can't generate netlist output files because the license for encrypted file "c:/users/jf/drive/ets/e2017/ele748/projet/code/projet/db/ip/sine/submodules/asj_nco_pxx.v" is not available
Error (204009): Can't generate netlist output files because the license for encrypted file "c:/users/jf/drive/ets/e2017/ele748/projet/code/projet/db/ip/sine/submodules/asj_nco_apr_dxx.v" is not available
Error (204009): Can't generate netlist output files because the license for encrypted file "c:/users/jf/drive/ets/e2017/ele748/projet/code/projet/db/ip/sine/submodules/mac_i_lpmd.v" is not available
Error (204009): Can't generate netlist output files because the license for encrypted file "c:/users/jf/drive/ets/e2017/ele748/projet/code/projet/db/ip/sine/submodules/asj_nco_derot.v" is not available
Error (204009): Can't generate netlist output files because the license for encrypted file "c:/users/jf/drive/ets/e2017/ele748/projet/code/projet/db/ip/sine/submodules/asj_altqmcpipe.v" is not available
Error (204009): Can't generate netlist output files because the license for encrypted file "c:/users/jf/drive/ets/e2017/ele748/projet/code/projet/db/ip/sine/submodules/asj_nco_mob_w.v" is not available
Error (204009): Can't generate netlist output files because the license for encrypted file "c:/users/jf/drive/ets/e2017/ele748/projet/code/projet/db/ip/sine/submodules/asj_gam_dp.v" is not available
Error (204009): Can't generate netlist output files because the license for encrypted file "c:/users/jf/drive/ets/e2017/ele748/projet/code/projet/db/ip/sine/submodules/lmsd.v" is not available
Error (204009): Can't generate netlist output files because the license for encrypted file "c:/users/jf/drive/ets/e2017/ele748/projet/code/projet/db/ip/sine/submodules/asj_nco_as_m_dp_cen.v" is not available
Error (204009): Can't generate netlist output files because the license for encrypted file "c:/users/jf/drive/ets/e2017/ele748/projet/code/projet/db/ip/sine/submodules/asj_nco_isdr.v" is not available
Error (204009): Can't generate netlist output files because the license for encrypted file "c:/users/jf/drive/ets/e2017/ele748/projet/code/projet/db/ip/sine/submodules/asj_dxx_g.v" is not available
Error (204009): Can't generate netlist output files because the license for encrypted file "c:/users/jf/drive/ets/e2017/ele748/projet/code/projet/db/ip/sine/submodules/las.v" is not available
Error (204009): Can't generate netlist output files because the license for encrypted file "c:/users/jf/drive/ets/e2017/ele748/projet/code/projet/db/ip/sine/submodules/asj_nco_as_m_cen.v" is not available
Error (204012): Can't generate netlist output files because the file "c:/users/jf/drive/ets/e2017/ele748/projet/code/projet/db/ip/sine/submodules/asj_nco_fxx.v" is an OpenCore Plus time-limited file. Remove the unlicensed cores or obtain a license for those OpenCore Plus time-limited IP cores used in the design. The Altera Knowledge Database contains many articles with specific details on how to resolve this error. Visit the Knowledge Database at https://www.altera.com/support/support-resources/knowledge-base/search.html and search for this specific error message number.
Error (204012): Can't generate netlist output files because the file "c:/users/jf/drive/ets/e2017/ele748/projet/code/projet/db/ip/sine/submodules/asj_dxx.v" is an OpenCore Plus time-limited file. Remove the unlicensed cores or obtain a license for those OpenCore Plus time-limited IP cores used in the design. The Altera Knowledge Database contains many articles with specific details on how to resolve this error. Visit the Knowledge Database at https://www.altera.com/support/support-resources/knowledge-base/search.html and search for this specific error message number.
Error (204012): Can't generate netlist output files because the file "c:/users/jf/drive/ets/e2017/ele748/projet/code/projet/db/ip/sine/submodules/asj_nco_pxx.v" is an OpenCore Plus time-limited file. Remove the unlicensed cores or obtain a license for those OpenCore Plus time-limited IP cores used in the design. The Altera Knowledge Database contains many articles with specific details on how to resolve this error. Visit the Knowledge Database at https://www.altera.com/support/support-resources/knowledge-base/search.html and search for this specific error message number.
Error (204012): Can't generate netlist output files because the file "c:/users/jf/drive/ets/e2017/ele748/projet/code/projet/db/ip/sine/submodules/asj_nco_apr_dxx.v" is an OpenCore Plus time-limited file. Remove the unlicensed cores or obtain a license for those OpenCore Plus time-limited IP cores used in the design. The Altera Knowledge Database contains many articles with specific details on how to resolve this error. Visit the Knowledge Database at https://www.altera.com/support/support-resources/knowledge-base/search.html and search for this specific error message number.
Error (204012): Can't generate netlist output files because the file "c:/users/jf/drive/ets/e2017/ele748/projet/code/projet/db/ip/sine/submodules/mac_i_lpmd.v" is an OpenCore Plus time-limited file. Remove the unlicensed cores or obtain a license for those OpenCore Plus time-limited IP cores used in the design. The Altera Knowledge Database contains many articles with specific details on how to resolve this error. Visit the Knowledge Database at https://www.altera.com/support/support-resources/knowledge-base/search.html and search for this specific error message number.
Error (204012): Can't generate netlist output files because the file "c:/users/jf/drive/ets/e2017/ele748/projet/code/projet/db/ip/sine/submodules/asj_nco_derot.v" is an OpenCore Plus time-limited file. Remove the unlicensed cores or obtain a license for those OpenCore Plus time-limited IP cores used in the design. The Altera Knowledge Database contains many articles with specific details on how to resolve this error. Visit the Knowledge Database at https://www.altera.com/support/support-resources/knowledge-base/search.html and search for this specific error message number.
Error (204012): Can't generate netlist output files because the file "c:/users/jf/drive/ets/e2017/ele748/projet/code/projet/db/ip/sine/submodules/asj_altqmcpipe.v" is an OpenCore Plus time-limited file. Remove the unlicensed cores or obtain a license for those OpenCore Plus time-limited IP cores used in the design. The Altera Knowledge Database contains many articles with specific details on how to resolve this error. Visit the Knowledge Database at https://www.altera.com/support/support-resources/knowledge-base/search.html and search for this specific error message number.
Error (204012): Can't generate netlist output files because the file "c:/users/jf/drive/ets/e2017/ele748/projet/code/projet/db/ip/sine/submodules/asj_nco_mob_w.v" is an OpenCore Plus time-limited file. Remove the unlicensed cores or obtain a license for those OpenCore Plus time-limited IP cores used in the design. The Altera Knowledge Database contains many articles with specific details on how to resolve this error. Visit the Knowledge Database at https://www.altera.com/support/support-resources/knowledge-base/search.html and search for this specific error message number.
Error (204012): Can't generate netlist output files because the file "c:/users/jf/drive/ets/e2017/ele748/projet/code/projet/db/ip/sine/submodules/asj_gam_dp.v" is an OpenCore Plus time-limited file. Remove the unlicensed cores or obtain a license for those OpenCore Plus time-limited IP cores used in the design. The Altera Knowledge Database contains many articles with specific details on how to resolve this error. Visit the Knowledge Database at https://www.altera.com/support/support-resources/knowledge-base/search.html and search for this specific error message number.
Error (204012): Can't generate netlist output files because the file "c:/users/jf/drive/ets/e2017/ele748/projet/code/projet/db/ip/sine/submodules/lmsd.v" is an OpenCore Plus time-limited file. Remove the unlicensed cores or obtain a license for those OpenCore Plus time-limited IP cores used in the design. The Altera Knowledge Database contains many articles with specific details on how to resolve this error. Visit the Knowledge Database at https://www.altera.com/support/support-resources/knowledge-base/search.html and search for this specific error message number.
Error (204012): Can't generate netlist output files because the file "c:/users/jf/drive/ets/e2017/ele748/projet/code/projet/db/ip/sine/submodules/asj_nco_as_m_dp_cen.v" is an OpenCore Plus time-limited file. Remove the unlicensed cores or obtain a license for those OpenCore Plus time-limited IP cores used in the design. The Altera Knowledge Database contains many articles with specific details on how to resolve this error. Visit the Knowledge Database at https://www.altera.com/support/support-resources/knowledge-base/search.html and search for this specific error message number.
Error (204012): Can't generate netlist output files because the file "c:/users/jf/drive/ets/e2017/ele748/projet/code/projet/db/ip/sine/submodules/asj_nco_isdr.v" is an OpenCore Plus time-limited file. Remove the unlicensed cores or obtain a license for those OpenCore Plus time-limited IP cores used in the design. The Altera Knowledge Database contains many articles with specific details on how to resolve this error. Visit the Knowledge Database at https://www.altera.com/support/support-resources/knowledge-base/search.html and search for this specific error message number.
Error (204012): Can't generate netlist output files because the file "c:/users/jf/drive/ets/e2017/ele748/projet/code/projet/db/ip/sine/submodules/asj_dxx_g.v" is an OpenCore Plus time-limited file. Remove the unlicensed cores or obtain a license for those OpenCore Plus time-limited IP cores used in the design. The Altera Knowledge Database contains many articles with specific details on how to resolve this error. Visit the Knowledge Database at https://www.altera.com/support/support-resources/knowledge-base/search.html and search for this specific error message number.
Error (204012): Can't generate netlist output files because the file "c:/users/jf/drive/ets/e2017/ele748/projet/code/projet/db/ip/sine/submodules/las.v" is an OpenCore Plus time-limited file. Remove the unlicensed cores or obtain a license for those OpenCore Plus time-limited IP cores used in the design. The Altera Knowledge Database contains many articles with specific details on how to resolve this error. Visit the Knowledge Database at https://www.altera.com/support/support-resources/knowledge-base/search.html and search for this specific error message number.
Error (204012): Can't generate netlist output files because the file "c:/users/jf/drive/ets/e2017/ele748/projet/code/projet/db/ip/sine/submodules/asj_nco_as_m_cen.v" is an OpenCore Plus time-limited file. Remove the unlicensed cores or obtain a license for those OpenCore Plus time-limited IP cores used in the design. The Altera Knowledge Database contains many articles with specific details on how to resolve this error. Visit the Knowledge Database at https://www.altera.com/support/support-resources/knowledge-base/search.html and search for this specific error message number.
Error (204009): Can't generate netlist output files because the license for encrypted file "c:/users/jf/drive/ets/e2017/ele748/projet/code/projet/db/ip/sine/submodules/asj_nco_fxx.v" is not available
Error (204009): Can't generate netlist output files because the license for encrypted file "c:/users/jf/drive/ets/e2017/ele748/projet/code/projet/db/ip/sine/submodules/asj_dxx.v" is not available
Error (204009): Can't generate netlist output files because the license for encrypted file "c:/users/jf/drive/ets/e2017/ele748/projet/code/projet/db/ip/sine/submodules/asj_nco_pxx.v" is not available
Error (204009): Can't generate netlist output files because the license for encrypted file "c:/users/jf/drive/ets/e2017/ele748/projet/code/projet/db/ip/sine/submodules/asj_nco_apr_dxx.v" is not available
Error (204009): Can't generate netlist output files because the license for encrypted file "c:/users/jf/drive/ets/e2017/ele748/projet/code/projet/db/ip/sine/submodules/mac_i_lpmd.v" is not available
Error (204009): Can't generate netlist output files because the license for encrypted file "c:/users/jf/drive/ets/e2017/ele748/projet/code/projet/db/ip/sine/submodules/asj_nco_derot.v" is not available
Error (204009): Can't generate netlist output files because the license for encrypted file "c:/users/jf/drive/ets/e2017/ele748/projet/code/projet/db/ip/sine/submodules/asj_altqmcpipe.v" is not available
Error (204009): Can't generate netlist output files because the license for encrypted file "c:/users/jf/drive/ets/e2017/ele748/projet/code/projet/db/ip/sine/submodules/asj_nco_mob_w.v" is not available
Error (204009): Can't generate netlist output files because the license for encrypted file "c:/users/jf/drive/ets/e2017/ele748/projet/code/projet/db/ip/sine/submodules/asj_gam_dp.v" is not available
Error (204009): Can't generate netlist output files because the license for encrypted file "c:/users/jf/drive/ets/e2017/ele748/projet/code/projet/db/ip/sine/submodules/lmsd.v" is not available
Error (204009): Can't generate netlist output files because the license for encrypted file "c:/users/jf/drive/ets/e2017/ele748/projet/code/projet/db/ip/sine/submodules/asj_nco_as_m_dp_cen.v" is not available
Error (204009): Can't generate netlist output files because the license for encrypted file "c:/users/jf/drive/ets/e2017/ele748/projet/code/projet/db/ip/sine/submodules/asj_nco_isdr.v" is not available
Error (204009): Can't generate netlist output files because the license for encrypted file "c:/users/jf/drive/ets/e2017/ele748/projet/code/projet/db/ip/sine/submodules/asj_dxx_g.v" is not available
Error (204009): Can't generate netlist output files because the license for encrypted file "c:/users/jf/drive/ets/e2017/ele748/projet/code/projet/db/ip/sine/submodules/las.v" is not available
Error (204009): Can't generate netlist output files because the license for encrypted file "c:/users/jf/drive/ets/e2017/ele748/projet/code/projet/db/ip/sine/submodules/asj_nco_as_m_cen.v" is not available
Error (204012): Can't generate netlist output files because the file "c:/users/jf/drive/ets/e2017/ele748/projet/code/projet/db/ip/sine/submodules/asj_nco_fxx.v" is an OpenCore Plus time-limited file. Remove the unlicensed cores or obtain a license for those OpenCore Plus time-limited IP cores used in the design. The Altera Knowledge Database contains many articles with specific details on how to resolve this error. Visit the Knowledge Database at https://www.altera.com/support/support-resources/knowledge-base/search.html and search for this specific error message number.
Error (204012): Can't generate netlist output files because the file "c:/users/jf/drive/ets/e2017/ele748/projet/code/projet/db/ip/sine/submodules/asj_dxx.v" is an OpenCore Plus time-limited file. Remove the unlicensed cores or obtain a license for those OpenCore Plus time-limited IP cores used in the design. The Altera Knowledge Database contains many articles with specific details on how to resolve this error. Visit the Knowledge Database at https://www.altera.com/support/support-resources/knowledge-base/search.html and search for this specific error message number.
Error (204012): Can't generate netlist output files because the file "c:/users/jf/drive/ets/e2017/ele748/projet/code/projet/db/ip/sine/submodules/asj_nco_pxx.v" is an OpenCore Plus time-limited file. Remove the unlicensed cores or obtain a license for those OpenCore Plus time-limited IP cores used in the design. The Altera Knowledge Database contains many articles with specific details on how to resolve this error. Visit the Knowledge Database at https://www.altera.com/support/support-resources/knowledge-base/search.html and search for this specific error message number.
Error (204012): Can't generate netlist output files because the file "c:/users/jf/drive/ets/e2017/ele748/projet/code/projet/db/ip/sine/submodules/asj_nco_apr_dxx.v" is an OpenCore Plus time-limited file. Remove the unlicensed cores or obtain a license for those OpenCore Plus time-limited IP cores used in the design. The Altera Knowledge Database contains many articles with specific details on how to resolve this error. Visit the Knowledge Database at https://www.altera.com/support/support-resources/knowledge-base/search.html and search for this specific error message number.
Error (204012): Can't generate netlist output files because the file "c:/users/jf/drive/ets/e2017/ele748/projet/code/projet/db/ip/sine/submodules/mac_i_lpmd.v" is an OpenCore Plus time-limited file. Remove the unlicensed cores or obtain a license for those OpenCore Plus time-limited IP cores used in the design. The Altera Knowledge Database contains many articles with specific details on how to resolve this error. Visit the Knowledge Database at https://www.altera.com/support/support-resources/knowledge-base/search.html and search for this specific error message number.
Error (204012): Can't generate netlist output files because the file "c:/users/jf/drive/ets/e2017/ele748/projet/code/projet/db/ip/sine/submodules/asj_nco_derot.v" is an OpenCore Plus time-limited file. Remove the unlicensed cores or obtain a license for those OpenCore Plus time-limited IP cores used in the design. The Altera Knowledge Database contains many articles with specific details on how to resolve this error. Visit the Knowledge Database at https://www.altera.com/support/support-resources/knowledge-base/search.html and search for this specific error message number.
Error (204012): Can't generate netlist output files because the file "c:/users/jf/drive/ets/e2017/ele748/projet/code/projet/db/ip/sine/submodules/asj_altqmcpipe.v" is an OpenCore Plus time-limited file. Remove the unlicensed cores or obtain a license for those OpenCore Plus time-limited IP cores used in the design. The Altera Knowledge Database contains many articles with specific details on how to resolve this error. Visit the Knowledge Database at https://www.altera.com/support/support-resources/knowledge-base/search.html and search for this specific error message number.
Error (204012): Can't generate netlist output files because the file "c:/users/jf/drive/ets/e2017/ele748/projet/code/projet/db/ip/sine/submodules/asj_nco_mob_w.v" is an OpenCore Plus time-limited file. Remove the unlicensed cores or obtain a license for those OpenCore Plus time-limited IP cores used in the design. The Altera Knowledge Database contains many articles with specific details on how to resolve this error. Visit the Knowledge Database at https://www.altera.com/support/support-resources/knowledge-base/search.html and search for this specific error message number.
Error (204012): Can't generate netlist output files because the file "c:/users/jf/drive/ets/e2017/ele748/projet/code/projet/db/ip/sine/submodules/asj_gam_dp.v" is an OpenCore Plus time-limited file. Remove the unlicensed cores or obtain a license for those OpenCore Plus time-limited IP cores used in the design. The Altera Knowledge Database contains many articles with specific details on how to resolve this error. Visit the Knowledge Database at https://www.altera.com/support/support-resources/knowledge-base/search.html and search for this specific error message number.
Error (204012): Can't generate netlist output files because the file "c:/users/jf/drive/ets/e2017/ele748/projet/code/projet/db/ip/sine/submodules/lmsd.v" is an OpenCore Plus time-limited file. Remove the unlicensed cores or obtain a license for those OpenCore Plus time-limited IP cores used in the design. The Altera Knowledge Database contains many articles with specific details on how to resolve this error. Visit the Knowledge Database at https://www.altera.com/support/support-resources/knowledge-base/search.html and search for this specific error message number.
Error (204012): Can't generate netlist output files because the file "c:/users/jf/drive/ets/e2017/ele748/projet/code/projet/db/ip/sine/submodules/asj_nco_as_m_dp_cen.v" is an OpenCore Plus time-limited file. Remove the unlicensed cores or obtain a license for those OpenCore Plus time-limited IP cores used in the design. The Altera Knowledge Database contains many articles with specific details on how to resolve this error. Visit the Knowledge Database at https://www.altera.com/support/support-resources/knowledge-base/search.html and search for this specific error message number.
Error (204012): Can't generate netlist output files because the file "c:/users/jf/drive/ets/e2017/ele748/projet/code/projet/db/ip/sine/submodules/asj_nco_isdr.v" is an OpenCore Plus time-limited file. Remove the unlicensed cores or obtain a license for those OpenCore Plus time-limited IP cores used in the design. The Altera Knowledge Database contains many articles with specific details on how to resolve this error. Visit the Knowledge Database at https://www.altera.com/support/support-resources/knowledge-base/search.html and search for this specific error message number.
Error (204012): Can't generate netlist output files because the file "c:/users/jf/drive/ets/e2017/ele748/projet/code/projet/db/ip/sine/submodules/asj_dxx_g.v" is an OpenCore Plus time-limited file. Remove the unlicensed cores or obtain a license for those OpenCore Plus time-limited IP cores used in the design. The Altera Knowledge Database contains many articles with specific details on how to resolve this error. Visit the Knowledge Database at https://www.altera.com/support/support-resources/knowledge-base/search.html and search for this specific error message number.
Error (204012): Can't generate netlist output files because the file "c:/users/jf/drive/ets/e2017/ele748/projet/code/projet/db/ip/sine/submodules/las.v" is an OpenCore Plus time-limited file. Remove the unlicensed cores or obtain a license for those OpenCore Plus time-limited IP cores used in the design. The Altera Knowledge Database contains many articles with specific details on how to resolve this error. Visit the Knowledge Database at https://www.altera.com/support/support-resources/knowledge-base/search.html and search for this specific error message number.
Error (204012): Can't generate netlist output files because the file "c:/users/jf/drive/ets/e2017/ele748/projet/code/projet/db/ip/sine/submodules/asj_nco_as_m_cen.v" is an OpenCore Plus time-limited file. Remove the unlicensed cores or obtain a license for those OpenCore Plus time-limited IP cores used in the design. The Altera Knowledge Database contains many articles with specific details on how to resolve this error. Visit the Knowledge Database at https://www.altera.com/support/support-resources/knowledge-base/search.html and search for this specific error message number.
Error (204009): Can't generate netlist output files because the license for encrypted file "c:/users/jf/drive/ets/e2017/ele748/projet/code/projet/db/ip/sine/submodules/asj_nco_fxx.v" is not available
Error (204009): Can't generate netlist output files because the license for encrypted file "c:/users/jf/drive/ets/e2017/ele748/projet/code/projet/db/ip/sine/submodules/asj_dxx.v" is not available
Error (204009): Can't generate netlist output files because the license for encrypted file "c:/users/jf/drive/ets/e2017/ele748/projet/code/projet/db/ip/sine/submodules/asj_nco_pxx.v" is not available
Error (204009): Can't generate netlist output files because the license for encrypted file "c:/users/jf/drive/ets/e2017/ele748/projet/code/projet/db/ip/sine/submodules/asj_nco_apr_dxx.v" is not available
Error (204009): Can't generate netlist output files because the license for encrypted file "c:/users/jf/drive/ets/e2017/ele748/projet/code/projet/db/ip/sine/submodules/mac_i_lpmd.v" is not available
Error (204009): Can't generate netlist output files because the license for encrypted file "c:/users/jf/drive/ets/e2017/ele748/projet/code/projet/db/ip/sine/submodules/asj_nco_derot.v" is not available
Error (204009): Can't generate netlist output files because the license for encrypted file "c:/users/jf/drive/ets/e2017/ele748/projet/code/projet/db/ip/sine/submodules/asj_altqmcpipe.v" is not available
Error (204009): Can't generate netlist output files because the license for encrypted file "c:/users/jf/drive/ets/e2017/ele748/projet/code/projet/db/ip/sine/submodules/asj_nco_mob_w.v" is not available
Error (204009): Can't generate netlist output files because the license for encrypted file "c:/users/jf/drive/ets/e2017/ele748/projet/code/projet/db/ip/sine/submodules/asj_gam_dp.v" is not available
Error (204009): Can't generate netlist output files because the license for encrypted file "c:/users/jf/drive/ets/e2017/ele748/projet/code/projet/db/ip/sine/submodules/lmsd.v" is not available
Error (204009): Can't generate netlist output files because the license for encrypted file "c:/users/jf/drive/ets/e2017/ele748/projet/code/projet/db/ip/sine/submodules/asj_nco_as_m_dp_cen.v" is not available
Error (204009): Can't generate netlist output files because the license for encrypted file "c:/users/jf/drive/ets/e2017/ele748/projet/code/projet/db/ip/sine/submodules/asj_nco_isdr.v" is not available
Error (204009): Can't generate netlist output files because the license for encrypted file "c:/users/jf/drive/ets/e2017/ele748/projet/code/projet/db/ip/sine/submodules/asj_dxx_g.v" is not available
Error (204009): Can't generate netlist output files because the license for encrypted file "c:/users/jf/drive/ets/e2017/ele748/projet/code/projet/db/ip/sine/submodules/las.v" is not available
Error (204009): Can't generate netlist output files because the license for encrypted file "c:/users/jf/drive/ets/e2017/ele748/projet/code/projet/db/ip/sine/submodules/asj_nco_as_m_cen.v" is not available
Error: Quartus Prime EDA Netlist Writer was unsuccessful. 90 errors, 0 warnings
    Error: Peak virtual memory: 830 megabytes
    Error: Processing ended: Thu Jul 20 23:46:19 2017
    Error: Elapsed time: 00:00:02
    Error: Total CPU time (on all processors): 00:00:02


